mode: atomic
github.com/onnwee/vod-tender/backend/main.go:35.13,41.49 3 0
github.com/onnwee/vod-tender/backend/main.go:42.15,43.24 1 0
github.com/onnwee/vod-tender/backend/main.go:44.14,45.23 1 0
github.com/onnwee/vod-tender/backend/main.go:46.15,47.24 1 0
github.com/onnwee/vod-tender/backend/main.go:48.18,48.18 0 0
github.com/onnwee/vod-tender/backend/main.go:50.10,53.90 2 0
github.com/onnwee/vod-tender/backend/main.go:55.2,57.16 3 0
github.com/onnwee/vod-tender/backend/main.go:58.14,59.77 1 0
github.com/onnwee/vod-tender/backend/main.go:60.10,61.77 1 0
github.com/onnwee/vod-tender/backend/main.go:63.2,70.16 5 0
github.com/onnwee/vod-tender/backend/main.go:70.16,73.3 2 0
github.com/onnwee/vod-tender/backend/main.go:77.2,77.62 1 0
github.com/onnwee/vod-tender/backend/main.go:77.62,79.133 2 0
github.com/onnwee/vod-tender/backend/main.go:79.133,81.4 1 0
github.com/onnwee/vod-tender/backend/main.go:81.9,81.26 1 0
github.com/onnwee/vod-tender/backend/main.go:81.26,84.4 2 0
github.com/onnwee/vod-tender/backend/main.go:85.3,85.11 1 0
github.com/onnwee/vod-tender/backend/main.go:89.2,90.16 2 0
github.com/onnwee/vod-tender/backend/main.go:90.16,93.3 2 0
github.com/onnwee/vod-tender/backend/main.go:94.2,95.45 2 0
github.com/onnwee/vod-tender/backend/main.go:95.45,98.3 2 0
github.com/onnwee/vod-tender/backend/main.go:101.2,106.41 3 0
github.com/onnwee/vod-tender/backend/main.go:106.41,108.3 1 0
github.com/onnwee/vod-tender/backend/main.go:108.8,108.55 1 0
github.com/onnwee/vod-tender/backend/main.go:108.55,110.3 1 0
github.com/onnwee/vod-tender/backend/main.go:110.8,112.3 1 0
github.com/onnwee/vod-tender/backend/main.go:113.2,117.170 3 0
github.com/onnwee/vod-tender/backend/main.go:117.170,119.17 2 0
github.com/onnwee/vod-tender/backend/main.go:119.17,121.4 1 0
github.com/onnwee/vod-tender/backend/main.go:122.3,122.118 1 0
github.com/onnwee/vod-tender/backend/main.go:124.2,124.172 1 0
github.com/onnwee/vod-tender/backend/main.go:124.172,127.28 3 0
github.com/onnwee/vod-tender/backend/main.go:127.28,129.4 1 0
github.com/onnwee/vod-tender/backend/main.go:130.3,132.17 3 0
github.com/onnwee/vod-tender/backend/main.go:132.17,134.4 1 0
github.com/onnwee/vod-tender/backend/main.go:135.3,135.73 1 0
github.com/onnwee/vod-tender/backend/main.go:140.2,141.16 2 0
github.com/onnwee/vod-tender/backend/main.go:141.16,143.3 1 0
github.com/onnwee/vod-tender/backend/main.go:144.2,144.12 1 0
github.com/onnwee/vod-tender/backend/main.go:144.12,145.59 1 0
github.com/onnwee/vod-tender/backend/main.go:145.59,147.4 1 0
github.com/onnwee/vod-tender/backend/main.go:151.2,152.28 2 0
github.com/onnwee/vod-tender/backend/cmd/healthcheck/main.go:9.13,12.16 3 0
github.com/onnwee/vod-tender/backend/cmd/healthcheck/main.go:12.16,14.3 1 0
github.com/onnwee/vod-tender/backend/cmd/healthcheck/main.go:15.2,16.28 2 0
github.com/onnwee/vod-tender/backend/cmd/healthcheck/main.go:16.28,18.3 1 0
github.com/onnwee/vod-tender/backend/chat/auto.go:24.61,26.19 2 0
github.com/onnwee/vod-tender/backend/chat/auto.go:26.19,29.3 2 0
github.com/onnwee/vod-tender/backend/chat/auto.go:30.2,30.44 1 0
github.com/onnwee/vod-tender/backend/chat/auto.go:30.44,33.3 2 0
github.com/onnwee/vod-tender/backend/chat/auto.go:34.2,36.42 3 0
github.com/onnwee/vod-tender/backend/chat/auto.go:36.42,39.3 2 0
github.com/onnwee/vod-tender/backend/chat/auto.go:41.2,42.56 2 0
github.com/onnwee/vod-tender/backend/chat/auto.go:42.56,43.59 1 0
github.com/onnwee/vod-tender/backend/chat/auto.go:43.59,45.4 1 0
github.com/onnwee/vod-tender/backend/chat/auto.go:48.2,56.52 8 0
github.com/onnwee/vod-tender/backend/chat/auto.go:56.52,57.59 1 0
github.com/onnwee/vod-tender/backend/chat/auto.go:57.59,59.4 1 0
github.com/onnwee/vod-tender/backend/chat/auto.go:61.2,63.59 2 0
github.com/onnwee/vod-tender/backend/chat/auto.go:63.59,63.81 1 0
github.com/onnwee/vod-tender/backend/chat/auto.go:65.2,68.6 4 0
github.com/onnwee/vod-tender/backend/chat/auto.go:68.6,69.23 1 0
github.com/onnwee/vod-tender/backend/chat/auto.go:69.23,71.4 1 0
github.com/onnwee/vod-tender/backend/chat/auto.go:72.3,72.10 1 0
github.com/onnwee/vod-tender/backend/chat/auto.go:72.10,74.15 1 0
github.com/onnwee/vod-tender/backend/chat/auto.go:74.16,76.5 0 0
github.com/onnwee/vod-tender/backend/chat/auto.go:77.4,78.18 2 0
github.com/onnwee/vod-tender/backend/chat/auto.go:78.18,81.5 2 0
github.com/onnwee/vod-tender/backend/chat/auto.go:82.4,89.18 8 0
github.com/onnwee/vod-tender/backend/chat/auto.go:89.18,92.5 2 0
github.com/onnwee/vod-tender/backend/chat/auto.go:93.4,100.67 3 0
github.com/onnwee/vod-tender/backend/chat/auto.go:100.67,103.5 2 0
github.com/onnwee/vod-tender/backend/chat/auto.go:104.4,104.27 1 0
github.com/onnwee/vod-tender/backend/chat/auto.go:104.27,106.31 1 0
github.com/onnwee/vod-tender/backend/chat/auto.go:106.31,108.26 1 0
github.com/onnwee/vod-tender/backend/chat/auto.go:108.26,110.7 1 0
github.com/onnwee/vod-tender/backend/chat/auto.go:111.6,113.56 3 0
github.com/onnwee/vod-tender/backend/chat/auto.go:113.56,115.14 1 0
github.com/onnwee/vod-tender/backend/chat/auto.go:116.25,117.14 1 0
github.com/onnwee/vod-tender/backend/chat/auto.go:118.41,118.41 0 0
github.com/onnwee/vod-tender/backend/chat/auto.go:120.7,120.49 1 0
github.com/onnwee/vod-tender/backend/chat/auto.go:120.49,121.28 1 0
github.com/onnwee/vod-tender/backend/chat/auto.go:121.28,123.9 1 0
github.com/onnwee/vod-tender/backend/chat/auto.go:124.8,124.47 1 0
github.com/onnwee/vod-tender/backend/chat/auto.go:124.47,127.9 2 0
github.com/onnwee/vod-tender/backend/chat/auto.go:129.8,130.22 2 0
github.com/onnwee/vod-tender/backend/chat/auto.go:130.22,132.29 2 0
github.com/onnwee/vod-tender/backend/chat/auto.go:132.29,134.92 2 0
github.com/onnwee/vod-tender/backend/chat/auto.go:134.92,135.19 1 0
github.com/onnwee/vod-tender/backend/chat/auto.go:137.10,137.30 1 0
github.com/onnwee/vod-tender/backend/chat/auto.go:137.30,139.11 1 0
github.com/onnwee/vod-tender/backend/chat/auto.go:139.16,139.71 1 0
github.com/onnwee/vod-tender/backend/chat/auto.go:139.71,141.11 1 0
github.com/onnwee/vod-tender/backend/chat/auto.go:143.9,143.29 1 0
github.com/onnwee/vod-tender/backend/chat/auto.go:143.29,145.24 2 0
github.com/onnwee/vod-tender/backend/chat/auto.go:145.24,148.11 2 0
github.com/onnwee/vod-tender/backend/chat/auto.go:150.10,153.39 3 0
github.com/onnwee/vod-tender/backend/chat/auto.go:153.39,156.132 2 0
github.com/onnwee/vod-tender/backend/chat/auto.go:156.132,160.12 3 0
github.com/onnwee/vod-tender/backend/chat/auto.go:162.10,162.115 1 0
github.com/onnwee/vod-tender/backend/chat/auto.go:162.115,166.11 3 0
github.com/onnwee/vod-tender/backend/chat/auto.go:167.10,167.90 1 0
github.com/onnwee/vod-tender/backend/chat/auto.go:167.90,171.11 3 0
github.com/onnwee/vod-tender/backend/chat/auto.go:172.10,172.44 1 0
github.com/onnwee/vod-tender/backend/chat/auto.go:172.44,175.11 2 0
github.com/onnwee/vod-tender/backend/chat/auto.go:176.10,179.16 4 0
github.com/onnwee/vod-tender/backend/chat/auto.go:181.14,183.9 1 0
github.com/onnwee/vod-tender/backend/chat/auto.go:184.8,184.15 1 0
github.com/onnwee/vod-tender/backend/chat/auto.go:185.26,186.15 1 0
github.com/onnwee/vod-tender/backend/chat/auto.go:187.44,187.44 0 0
github.com/onnwee/vod-tender/backend/chat/auto.go:192.5,192.11 1 0
github.com/onnwee/vod-tender/backend/chat/auto.go:195.4,195.15 1 0
github.com/onnwee/vod-tender/backend/chat/auto.go:195.15,197.5 1 0
github.com/onnwee/vod-tender/backend/chat/auto.go:198.4,206.38 9 0
github.com/onnwee/vod-tender/backend/chat/auto.go:206.38,209.5 2 0
github.com/onnwee/vod-tender/backend/chat/auto.go:211.3,211.10 1 0
github.com/onnwee/vod-tender/backend/chat/auto.go:212.21,213.10 1 0
github.com/onnwee/vod-tender/backend/chat/auto.go:214.19,214.19 0 0
github.com/onnwee/vod-tender/backend/chat/chat.go:16.97,20.17 4 0
github.com/onnwee/vod-tender/backend/chat/chat.go:20.17,24.3 2 0
github.com/onnwee/vod-tender/backend/chat/chat.go:26.2,26.73 1 0
github.com/onnwee/vod-tender/backend/chat/chat.go:26.73,28.3 1 0
github.com/onnwee/vod-tender/backend/chat/chat.go:29.2,29.52 1 0
github.com/onnwee/vod-tender/backend/chat/chat.go:29.52,32.3 2 0
github.com/onnwee/vod-tender/backend/chat/chat.go:33.2,35.58 2 0
github.com/onnwee/vod-tender/backend/chat/chat.go:35.58,39.31 4 0
github.com/onnwee/vod-tender/backend/chat/chat.go:39.31,40.38 1 0
github.com/onnwee/vod-tender/backend/chat/chat.go:40.38,42.5 1 0
github.com/onnwee/vod-tender/backend/chat/chat.go:44.3,45.26 2 0
github.com/onnwee/vod-tender/backend/chat/chat.go:45.26,46.33 1 0
github.com/onnwee/vod-tender/backend/chat/chat.go:46.33,48.5 1 0
github.com/onnwee/vod-tender/backend/chat/chat.go:50.3,53.92 2 0
github.com/onnwee/vod-tender/backend/chat/chat.go:53.92,55.4 1 0
github.com/onnwee/vod-tender/backend/chat/chat.go:59.2,60.12 2 0
github.com/onnwee/vod-tender/backend/chat/chat.go:60.12,64.3 3 0
github.com/onnwee/vod-tender/backend/chat/chat.go:66.2,67.41 2 0
github.com/onnwee/vod-tender/backend/chat/chat.go:67.41,69.3 1 0
github.com/onnwee/vod-tender/backend/chat/chat.go:70.2,70.8 1 0
github.com/onnwee/vod-tender/backend/telemetry/metrics.go:36.13,37.17 1 0
github.com/onnwee/vod-tender/backend/telemetry/metrics.go:37.17,49.3 11 0
github.com/onnwee/vod-tender/backend/telemetry/metrics.go:53.36,54.29 1 0
github.com/onnwee/vod-tender/backend/telemetry/metrics.go:54.29,55.11 1 0
github.com/onnwee/vod-tender/backend/telemetry/metrics.go:55.11,57.4 1 0
github.com/onnwee/vod-tender/backend/telemetry/metrics.go:57.9,59.4 1 0
github.com/onnwee/vod-tender/backend/telemetry/metrics.go:64.27,65.28 1 0
github.com/onnwee/vod-tender/backend/telemetry/metrics.go:65.28,67.3 1 0
github.com/onnwee/vod-tender/backend/telemetry/metrics.go:71.65,75.16 4 0
github.com/onnwee/vod-tender/backend/telemetry/metrics.go:75.16,77.3 1 0
github.com/onnwee/vod-tender/backend/telemetry/metrics.go:78.2,78.10 1 0
github.com/onnwee/vod-tender/backend/telemetry/metrics.go:87.70,89.2 1 0
github.com/onnwee/vod-tender/backend/telemetry/metrics.go:92.49,94.29 2 0
github.com/onnwee/vod-tender/backend/telemetry/metrics.go:94.29,96.3 1 0
github.com/onnwee/vod-tender/backend/telemetry/metrics.go:97.2,97.11 1 0
github.com/onnwee/vod-tender/backend/telemetry/metrics.go:101.55,102.41 1 0
github.com/onnwee/vod-tender/backend/telemetry/metrics.go:102.41,104.3 1 0
github.com/onnwee/vod-tender/backend/telemetry/metrics.go:105.2,105.23 1 0
github.com/onnwee/vod-tender/backend/testutil/mocks.go:17.58,22.94 3 0
github.com/onnwee/vod-tender/backend/testutil/mocks.go:22.94,24.41 2 0
github.com/onnwee/vod-tender/backend/testutil/mocks.go:24.41,27.4 2 0
github.com/onnwee/vod-tender/backend/testutil/mocks.go:28.3,28.37 1 0
github.com/onnwee/vod-tender/backend/testutil/mocks.go:30.2,31.10 2 0
github.com/onnwee/vod-tender/backend/testutil/mocks.go:35.67,36.76 1 0
github.com/onnwee/vod-tender/backend/testutil/mocks.go:36.76,44.3 3 0
github.com/onnwee/vod-tender/backend/testutil/mocks.go:48.90,49.77 1 0
github.com/onnwee/vod-tender/backend/testutil/mocks.go:49.77,58.3 3 0
github.com/onnwee/vod-tender/backend/testutil/mocks.go:62.82,63.78 1 0
github.com/onnwee/vod-tender/backend/testutil/mocks.go:63.78,69.3 3 0
github.com/onnwee/vod-tender/backend/testutil/mocks.go:73.86,74.77 1 0
github.com/onnwee/vod-tender/backend/testutil/mocks.go:74.77,82.3 3 0
github.com/onnwee/vod-tender/backend/testutil/postgres.go:14.40,17.15 3 0
github.com/onnwee/vod-tender/backend/testutil/postgres.go:17.15,19.3 1 0
github.com/onnwee/vod-tender/backend/testutil/postgres.go:20.2,21.16 2 0
github.com/onnwee/vod-tender/backend/testutil/postgres.go:21.16,23.3 1 0
github.com/onnwee/vod-tender/backend/testutil/postgres.go:24.2,24.45 1 0
github.com/onnwee/vod-tender/backend/testutil/postgres.go:24.45,27.3 2 0
github.com/onnwee/vod-tender/backend/testutil/postgres.go:28.2,28.19 1 0
github.com/onnwee/vod-tender/backend/testutil/postgres.go:28.19,30.3 1 0
github.com/onnwee/vod-tender/backend/testutil/postgres.go:31.2,31.17 1 0
github.com/onnwee/vod-tender/backend/config/config.go:41.30,51.28 9 3
github.com/onnwee/vod-tender/backend/config/config.go:51.28,54.3 1 3
github.com/onnwee/vod-tender/backend/config/config.go:57.2,58.27 2 3
github.com/onnwee/vod-tender/backend/config/config.go:58.27,60.3 1 3
github.com/onnwee/vod-tender/backend/config/config.go:62.2,62.49 1 3
github.com/onnwee/vod-tender/backend/config/config.go:62.49,64.17 2 0
github.com/onnwee/vod-tender/backend/config/config.go:64.17,66.4 1 0
github.com/onnwee/vod-tender/backend/config/config.go:67.3,67.31 1 0
github.com/onnwee/vod-tender/backend/config/config.go:68.8,70.3 1 3
github.com/onnwee/vod-tender/backend/config/config.go:73.2,74.21 2 3
github.com/onnwee/vod-tender/backend/config/config.go:74.21,77.3 1 3
github.com/onnwee/vod-tender/backend/config/config.go:80.2,81.23 2 3
github.com/onnwee/vod-tender/backend/config/config.go:81.23,83.3 1 3
github.com/onnwee/vod-tender/backend/config/config.go:86.2,90.24 5 3
github.com/onnwee/vod-tender/backend/config/config.go:90.24,92.3 1 3
github.com/onnwee/vod-tender/backend/config/config.go:94.2,94.17 1 3
github.com/onnwee/vod-tender/backend/config/config.go:98.44,99.84 1 2
github.com/onnwee/vod-tender/backend/config/config.go:99.84,101.3 1 1
github.com/onnwee/vod-tender/backend/config/config.go:102.2,102.12 1 1
github.com/onnwee/vod-tender/backend/oauth/refresh.go:22.119,23.19 1 0
github.com/onnwee/vod-tender/backend/oauth/refresh.go:23.19,25.3 1 0
github.com/onnwee/vod-tender/backend/oauth/refresh.go:26.2,26.17 1 0
github.com/onnwee/vod-tender/backend/oauth/refresh.go:26.17,28.3 1 0
github.com/onnwee/vod-tender/backend/oauth/refresh.go:30.2,31.12 2 0
github.com/onnwee/vod-tender/backend/oauth/refresh.go:31.12,32.10 1 0
github.com/onnwee/vod-tender/backend/oauth/refresh.go:33.21,34.10 1 0
github.com/onnwee/vod-tender/backend/oauth/refresh.go:35.36,35.36 0 0
github.com/onnwee/vod-tender/backend/oauth/refresh.go:37.3,37.7 1 0
github.com/onnwee/vod-tender/backend/oauth/refresh.go:37.7,42.30 4 0
github.com/onnwee/vod-tender/backend/oauth/refresh.go:42.30,44.5 1 0
github.com/onnwee/vod-tender/backend/oauth/refresh.go:45.4,45.11 1 0
github.com/onnwee/vod-tender/backend/oauth/refresh.go:46.22,47.11 1 0
github.com/onnwee/vod-tender/backend/oauth/refresh.go:48.33,48.33 0 0
github.com/onnwee/vod-tender/backend/oauth/refresh.go:50.4,53.59 4 0
github.com/onnwee/vod-tender/backend/oauth/refresh.go:53.59,54.13 1 0
github.com/onnwee/vod-tender/backend/oauth/refresh.go:56.4,56.16 1 0
github.com/onnwee/vod-tender/backend/oauth/refresh.go:56.16,57.13 1 0
github.com/onnwee/vod-tender/backend/oauth/refresh.go:60.4,60.32 1 0
github.com/onnwee/vod-tender/backend/oauth/refresh.go:60.32,61.13 1 0
github.com/onnwee/vod-tender/backend/oauth/refresh.go:64.4,65.11 2 0
github.com/onnwee/vod-tender/backend/oauth/refresh.go:66.22,67.11 1 0
github.com/onnwee/vod-tender/backend/oauth/refresh.go:68.27,68.27 0 0
github.com/onnwee/vod-tender/backend/oauth/refresh.go:70.4,73.18 4 0
github.com/onnwee/vod-tender/backend/oauth/refresh.go:73.18,75.13 2 0
github.com/onnwee/vod-tender/backend/oauth/refresh.go:77.4,77.19 1 0
github.com/onnwee/vod-tender/backend/oauth/refresh.go:77.19,79.5 1 0
github.com/onnwee/vod-tender/backend/oauth/refresh.go:80.4,80.22 1 0
github.com/onnwee/vod-tender/backend/oauth/refresh.go:80.22,82.5 1 0
github.com/onnwee/vod-tender/backend/oauth/refresh.go:83.4,85.18 2 0
github.com/onnwee/vod-tender/backend/oauth/refresh.go:85.18,87.13 2 0
github.com/onnwee/vod-tender/backend/oauth/refresh.go:89.4,89.67 1 0
github.com/onnwee/vod-tender/backend/server/server.go:32.159,36.2 2 0
github.com/onnwee/vod-tender/backend/server/server.go:37.162,40.26 3 0
github.com/onnwee/vod-tender/backend/server/server.go:40.26,42.3 1 0
github.com/onnwee/vod-tender/backend/server/server.go:43.2,43.8 1 0
github.com/onnwee/vod-tender/backend/server/server.go:47.38,57.84 4 0
github.com/onnwee/vod-tender/backend/server/server.go:57.84,59.62 2 0
github.com/onnwee/vod-tender/backend/server/server.go:59.62,62.4 2 0
github.com/onnwee/vod-tender/backend/server/server.go:64.3,65.41 2 0
github.com/onnwee/vod-tender/backend/server/server.go:65.41,68.4 2 0
github.com/onnwee/vod-tender/backend/server/server.go:69.3,72.17 4 0
github.com/onnwee/vod-tender/backend/server/server.go:72.17,75.4 2 0
github.com/onnwee/vod-tender/backend/server/server.go:76.3,76.49 1 0
github.com/onnwee/vod-tender/backend/server/server.go:80.2,80.87 1 0
github.com/onnwee/vod-tender/backend/server/server.go:80.87,84.29 4 0
github.com/onnwee/vod-tender/backend/server/server.go:84.29,87.4 2 0
github.com/onnwee/vod-tender/backend/server/server.go:89.3,90.35 2 0
github.com/onnwee/vod-tender/backend/server/server.go:90.35,93.4 2 0
github.com/onnwee/vod-tender/backend/server/server.go:94.3,97.17 4 0
github.com/onnwee/vod-tender/backend/server/server.go:97.17,100.4 2 0
github.com/onnwee/vod-tender/backend/server/server.go:102.3,105.17 2 0
github.com/onnwee/vod-tender/backend/server/server.go:105.17,108.4 2 0
github.com/onnwee/vod-tender/backend/server/server.go:109.3,110.110 2 0
github.com/onnwee/vod-tender/backend/server/server.go:114.2,114.85 1 0
github.com/onnwee/vod-tender/backend/server/server.go:114.85,116.54 2 0
github.com/onnwee/vod-tender/backend/server/server.go:116.54,119.4 2 0
github.com/onnwee/vod-tender/backend/server/server.go:121.3,122.41 2 0
github.com/onnwee/vod-tender/backend/server/server.go:122.41,125.4 2 0
github.com/onnwee/vod-tender/backend/server/server.go:126.3,132.49 6 0
github.com/onnwee/vod-tender/backend/server/server.go:136.2,136.88 1 0
github.com/onnwee/vod-tender/backend/server/server.go:136.88,140.29 4 0
github.com/onnwee/vod-tender/backend/server/server.go:140.29,143.4 2 0
github.com/onnwee/vod-tender/backend/server/server.go:144.3,145.35 2 0
github.com/onnwee/vod-tender/backend/server/server.go:145.35,148.4 2 0
github.com/onnwee/vod-tender/backend/server/server.go:149.3,153.17 5 0
github.com/onnwee/vod-tender/backend/server/server.go:153.17,156.4 2 0
github.com/onnwee/vod-tender/backend/server/server.go:157.3,158.178 2 0
github.com/onnwee/vod-tender/backend/server/server.go:162.2,162.74 1 0
github.com/onnwee/vod-tender/backend/server/server.go:162.74,163.53 1 0
github.com/onnwee/vod-tender/backend/server/server.go:163.53,166.4 2 0
github.com/onnwee/vod-tender/backend/server/server.go:167.3,169.31 3 0
github.com/onnwee/vod-tender/backend/server/server.go:173.2,173.73 1 0
github.com/onnwee/vod-tender/backend/server/server.go:173.73,188.19 2 0
github.com/onnwee/vod-tender/backend/server/server.go:189.23,192.28 2 0
github.com/onnwee/vod-tender/backend/server/server.go:192.28,195.16 3 0
github.com/onnwee/vod-tender/backend/server/server.go:195.16,197.6 1 0
github.com/onnwee/vod-tender/backend/server/server.go:198.5,198.16 1 0
github.com/onnwee/vod-tender/backend/server/server.go:198.16,200.6 1 0
github.com/onnwee/vod-tender/backend/server/server.go:202.4,203.38 2 0
github.com/onnwee/vod-tender/backend/server/server.go:204.23,206.64 2 0
github.com/onnwee/vod-tender/backend/server/server.go:206.64,209.5 2 0
github.com/onnwee/vod-tender/backend/server/server.go:210.4,210.27 1 0
github.com/onnwee/vod-tender/backend/server/server.go:210.27,211.21 1 0
github.com/onnwee/vod-tender/backend/server/server.go:211.21,212.14 1 0
github.com/onnwee/vod-tender/backend/server/server.go:214.5,214.203 1 0
github.com/onnwee/vod-tender/backend/server/server.go:216.4,216.39 1 0
github.com/onnwee/vod-tender/backend/server/server.go:217.11,218.68 1 0
github.com/onnwee/vod-tender/backend/server/server.go:223.2,223.73 1 0
github.com/onnwee/vod-tender/backend/server/server.go:223.73,224.33 1 0
github.com/onnwee/vod-tender/backend/server/server.go:224.33,227.4 2 0
github.com/onnwee/vod-tender/backend/server/server.go:228.3,243.19 14 0
github.com/onnwee/vod-tender/backend/server/server.go:243.19,245.4 1 0
github.com/onnwee/vod-tender/backend/server/server.go:246.3,246.19 1 0
github.com/onnwee/vod-tender/backend/server/server.go:246.19,248.4 1 0
github.com/onnwee/vod-tender/backend/server/server.go:249.3,249.19 1 0
github.com/onnwee/vod-tender/backend/server/server.go:249.19,251.4 1 0
github.com/onnwee/vod-tender/backend/server/server.go:253.3,254.26 2 0
github.com/onnwee/vod-tender/backend/server/server.go:254.26,257.15 3 0
github.com/onnwee/vod-tender/backend/server/server.go:257.15,259.5 1 0
github.com/onnwee/vod-tender/backend/server/server.go:262.3,264.17 3 0
github.com/onnwee/vod-tender/backend/server/server.go:264.17,266.4 1 0
github.com/onnwee/vod-tender/backend/server/server.go:267.3,268.38 2 0
github.com/onnwee/vod-tender/backend/server/server.go:272.2,272.71 1 0
github.com/onnwee/vod-tender/backend/server/server.go:272.71,273.33 1 0
github.com/onnwee/vod-tender/backend/server/server.go:273.33,276.4 2 0
github.com/onnwee/vod-tender/backend/server/server.go:278.3,279.32 2 0
github.com/onnwee/vod-tender/backend/server/server.go:279.32,281.4 1 0
github.com/onnwee/vod-tender/backend/server/server.go:282.3,293.17 3 0
github.com/onnwee/vod-tender/backend/server/server.go:293.17,296.4 2 0
github.com/onnwee/vod-tender/backend/server/server.go:297.3,306.19 4 0
github.com/onnwee/vod-tender/backend/server/server.go:306.19,308.88 2 0
github.com/onnwee/vod-tender/backend/server/server.go:308.88,311.5 2 0
github.com/onnwee/vod-tender/backend/server/server.go:312.4,312.26 1 0
github.com/onnwee/vod-tender/backend/server/server.go:314.3,315.38 2 0
github.com/onnwee/vod-tender/backend/server/server.go:319.2,319.81 1 0
github.com/onnwee/vod-tender/backend/server/server.go:319.81,320.64 1 0
github.com/onnwee/vod-tender/backend/server/server.go:320.64,323.4 2 0
github.com/onnwee/vod-tender/backend/server/server.go:324.3,325.59 2 0
github.com/onnwee/vod-tender/backend/server/server.go:325.59,328.4 2 0
github.com/onnwee/vod-tender/backend/server/server.go:329.3,330.64 2 0
github.com/onnwee/vod-tender/backend/server/server.go:334.2,334.84 1 0
github.com/onnwee/vod-tender/backend/server/server.go:334.84,335.64 1 0
github.com/onnwee/vod-tender/backend/server/server.go:335.64,338.4 2 0
github.com/onnwee/vod-tender/backend/server/server.go:339.3,341.33 3 0
github.com/onnwee/vod-tender/backend/server/server.go:341.33,342.54 1 0
github.com/onnwee/vod-tender/backend/server/server.go:342.54,344.5 1 0
github.com/onnwee/vod-tender/backend/server/server.go:346.3,347.42 2 0
github.com/onnwee/vod-tender/backend/server/server.go:347.42,348.54 1 0
github.com/onnwee/vod-tender/backend/server/server.go:348.54,350.5 1 0
github.com/onnwee/vod-tender/backend/server/server.go:352.3,352.78 1 0
github.com/onnwee/vod-tender/backend/server/server.go:352.78,355.4 2 0
github.com/onnwee/vod-tender/backend/server/server.go:356.3,357.76 2 0
github.com/onnwee/vod-tender/backend/server/server.go:361.2,361.80 1 0
github.com/onnwee/vod-tender/backend/server/server.go:361.80,362.33 1 0
github.com/onnwee/vod-tender/backend/server/server.go:362.33,365.4 2 0
github.com/onnwee/vod-tender/backend/server/server.go:366.3,370.26 4 0
github.com/onnwee/vod-tender/backend/server/server.go:370.26,374.17 4 0
github.com/onnwee/vod-tender/backend/server/server.go:374.17,376.5 1 0
github.com/onnwee/vod-tender/backend/server/server.go:379.3,383.19 5 0
github.com/onnwee/vod-tender/backend/server/server.go:383.19,385.4 1 0
github.com/onnwee/vod-tender/backend/server/server.go:386.3,386.19 1 0
github.com/onnwee/vod-tender/backend/server/server.go:386.19,388.4 1 0
github.com/onnwee/vod-tender/backend/server/server.go:389.3,389.19 1 0
github.com/onnwee/vod-tender/backend/server/server.go:389.19,391.4 1 0
github.com/onnwee/vod-tender/backend/server/server.go:394.3,406.21 12 0
github.com/onnwee/vod-tender/backend/server/server.go:406.21,408.4 1 0
github.com/onnwee/vod-tender/backend/server/server.go:409.3,410.39 2 0
github.com/onnwee/vod-tender/backend/server/server.go:414.2,414.72 1 0
github.com/onnwee/vod-tender/backend/server/server.go:414.72,420.21 5 0
github.com/onnwee/vod-tender/backend/server/server.go:420.21,422.4 1 0
github.com/onnwee/vod-tender/backend/server/server.go:423.3,423.10 1 0
github.com/onnwee/vod-tender/backend/server/server.go:424.36,425.23 1 0
github.com/onnwee/vod-tender/backend/server/server.go:426.19,427.36 1 0
github.com/onnwee/vod-tender/backend/server/server.go:428.27,429.38 1 0
github.com/onnwee/vod-tender/backend/server/server.go:430.28,431.39 1 0
github.com/onnwee/vod-tender/backend/server/server.go:432.25,433.36 1 0
github.com/onnwee/vod-tender/backend/server/server.go:434.27,435.38 1 0
github.com/onnwee/vod-tender/backend/server/server.go:436.23,437.35 1 0
github.com/onnwee/vod-tender/backend/server/server.go:438.30,439.34 1 0
github.com/onnwee/vod-tender/backend/server/server.go:440.30,441.40 1 0
github.com/onnwee/vod-tender/backend/server/server.go:442.30,443.41 1 0
github.com/onnwee/vod-tender/backend/server/server.go:444.11,445.23 1 0
github.com/onnwee/vod-tender/backend/server/server.go:450.2,450.88 1 0
github.com/onnwee/vod-tender/backend/server/server.go:450.88,451.64 1 0
github.com/onnwee/vod-tender/backend/server/server.go:451.64,454.4 2 0
github.com/onnwee/vod-tender/backend/server/server.go:455.3,456.18 2 0
github.com/onnwee/vod-tender/backend/server/server.go:456.18,459.4 2 0
github.com/onnwee/vod-tender/backend/server/server.go:460.3,460.67 1 0
github.com/onnwee/vod-tender/backend/server/server.go:460.67,463.4 2 0
github.com/onnwee/vod-tender/backend/server/server.go:464.3,465.81 2 0
github.com/onnwee/vod-tender/backend/server/server.go:468.2,468.75 1 0
github.com/onnwee/vod-tender/backend/server/server.go:468.75,471.17 2 0
github.com/onnwee/vod-tender/backend/server/server.go:471.17,473.4 1 0
github.com/onnwee/vod-tender/backend/server/server.go:474.3,478.39 4 0
github.com/onnwee/vod-tender/backend/server/server.go:480.2,480.26 1 0
github.com/onnwee/vod-tender/backend/server/server.go:484.65,487.13 3 0
github.com/onnwee/vod-tender/backend/server/server.go:487.13,489.3 1 0
github.com/onnwee/vod-tender/backend/server/server.go:490.2,490.23 1 0
github.com/onnwee/vod-tender/backend/server/server.go:494.64,504.12 2 0
github.com/onnwee/vod-tender/backend/server/server.go:504.12,508.51 4 0
github.com/onnwee/vod-tender/backend/server/server.go:508.51,510.4 1 0
github.com/onnwee/vod-tender/backend/server/server.go:513.2,513.76 1 0
github.com/onnwee/vod-tender/backend/server/server.go:513.76,516.3 2 0
github.com/onnwee/vod-tender/backend/server/server.go:517.2,517.12 1 0
github.com/onnwee/vod-tender/backend/server/server.go:521.88,522.32 1 0
github.com/onnwee/vod-tender/backend/server/server.go:522.32,525.3 2 0
github.com/onnwee/vod-tender/backend/server/server.go:526.2,556.110 4 0
github.com/onnwee/vod-tender/backend/server/server.go:556.110,557.27 1 0
github.com/onnwee/vod-tender/backend/server/server.go:557.27,560.4 2 0
github.com/onnwee/vod-tender/backend/server/server.go:561.3,562.9 2 0
github.com/onnwee/vod-tender/backend/server/server.go:565.2,567.34 3 0
github.com/onnwee/vod-tender/backend/server/server.go:571.90,572.32 1 0
github.com/onnwee/vod-tender/backend/server/server.go:572.32,575.3 2 0
github.com/onnwee/vod-tender/backend/server/server.go:576.2,593.101 8 0
github.com/onnwee/vod-tender/backend/server/server.go:593.101,594.27 1 0
github.com/onnwee/vod-tender/backend/server/server.go:594.27,597.4 2 0
github.com/onnwee/vod-tender/backend/server/server.go:598.3,599.9 2 0
github.com/onnwee/vod-tender/backend/server/server.go:602.2,603.41 2 0
github.com/onnwee/vod-tender/backend/server/server.go:603.41,605.3 1 0
github.com/onnwee/vod-tender/backend/server/server.go:605.8,605.36 1 0
github.com/onnwee/vod-tender/backend/server/server.go:605.36,608.21 2 0
github.com/onnwee/vod-tender/backend/server/server.go:608.21,610.4 1 0
github.com/onnwee/vod-tender/backend/server/server.go:611.3,611.23 1 0
github.com/onnwee/vod-tender/backend/server/server.go:611.23,613.4 1 0
github.com/onnwee/vod-tender/backend/server/server.go:614.8,614.62 1 0
github.com/onnwee/vod-tender/backend/server/server.go:614.62,616.3 1 0
github.com/onnwee/vod-tender/backend/server/server.go:616.8,618.3 1 0
github.com/onnwee/vod-tender/backend/server/server.go:619.2,631.37 3 0
github.com/onnwee/vod-tender/backend/server/server.go:635.87,636.32 1 0
github.com/onnwee/vod-tender/backend/server/server.go:636.32,639.3 2 0
github.com/onnwee/vod-tender/backend/server/server.go:641.2,644.32 4 0
github.com/onnwee/vod-tender/backend/server/server.go:644.32,646.3 1 0
github.com/onnwee/vod-tender/backend/server/server.go:647.2,649.12 3 0
github.com/onnwee/vod-tender/backend/server/server.go:649.12,651.3 1 0
github.com/onnwee/vod-tender/backend/server/server.go:651.8,653.3 1 0
github.com/onnwee/vod-tender/backend/server/server.go:654.2,654.16 1 0
github.com/onnwee/vod-tender/backend/server/server.go:654.16,657.3 2 0
github.com/onnwee/vod-tender/backend/server/server.go:658.2,669.18 4 0
github.com/onnwee/vod-tender/backend/server/server.go:669.18,671.101 2 0
github.com/onnwee/vod-tender/backend/server/server.go:671.101,674.4 2 0
github.com/onnwee/vod-tender/backend/server/server.go:675.3,675.23 1 0
github.com/onnwee/vod-tender/backend/server/server.go:677.2,678.36 2 0
github.com/onnwee/vod-tender/backend/server/server.go:682.86,683.32 1 0
github.com/onnwee/vod-tender/backend/server/server.go:683.32,686.3 2 0
github.com/onnwee/vod-tender/backend/server/server.go:687.2,688.9 2 0
github.com/onnwee/vod-tender/backend/server/server.go:688.9,691.3 2 0
github.com/onnwee/vod-tender/backend/server/server.go:692.2,694.16 3 0
github.com/onnwee/vod-tender/backend/server/server.go:694.16,696.3 1 0
github.com/onnwee/vod-tender/backend/server/server.go:697.2,699.16 3 0
github.com/onnwee/vod-tender/backend/server/server.go:699.16,702.3 2 0
github.com/onnwee/vod-tender/backend/server/server.go:703.2,720.18 8 0
github.com/onnwee/vod-tender/backend/server/server.go:720.18,722.101 2 0
github.com/onnwee/vod-tender/backend/server/server.go:722.101,724.4 1 0
github.com/onnwee/vod-tender/backend/server/server.go:726.3,726.19 1 0
github.com/onnwee/vod-tender/backend/server/server.go:726.19,728.11 2 0
github.com/onnwee/vod-tender/backend/server/server.go:729.22,730.11 1 0
github.com/onnwee/vod-tender/backend/server/server.go:731.29,731.29 0 0
github.com/onnwee/vod-tender/backend/server/server.go:735.3,747.15 5 0
github.com/onnwee/vod-tender/backend/server/server.go:752.92,753.63 1 0
github.com/onnwee/vod-tender/backend/server/server.go:753.63,756.3 2 0
github.com/onnwee/vod-tender/backend/server/server.go:757.2,757.17 1 0
github.com/onnwee/vod-tender/backend/server/server.go:757.17,760.3 2 0
github.com/onnwee/vod-tender/backend/server/server.go:761.2,761.66 1 0
github.com/onnwee/vod-tender/backend/server/server.go:761.66,764.3 2 0
github.com/onnwee/vod-tender/backend/server/server.go:765.2,766.80 2 0
github.com/onnwee/vod-tender/backend/server/server.go:769.74,770.42 1 3
github.com/onnwee/vod-tender/backend/server/server.go:770.42,771.54 1 2
github.com/onnwee/vod-tender/backend/server/server.go:771.54,773.4 1 1
github.com/onnwee/vod-tender/backend/server/server.go:775.2,775.12 1 2
github.com/onnwee/vod-tender/backend/server/server.go:778.62,779.42 1 3
github.com/onnwee/vod-tender/backend/server/server.go:779.42,780.44 1 2
github.com/onnwee/vod-tender/backend/server/server.go:780.44,782.4 1 1
github.com/onnwee/vod-tender/backend/server/server.go:784.2,784.12 1 2
github.com/onnwee/vod-tender/backend/server/server.go:788.43,791.12 2 4
github.com/onnwee/vod-tender/backend/server/server.go:791.12,793.3 1 2
github.com/onnwee/vod-tender/backend/server/server.go:795.2,796.74 2 2
github.com/onnwee/vod-tender/backend/server/server.go:796.74,798.3 1 8
github.com/onnwee/vod-tender/backend/server/server.go:799.2,799.14 1 2
github.com/onnwee/vod-tender/backend/server/server.go:799.14,801.3 1 0
github.com/onnwee/vod-tender/backend/server/server.go:802.2,803.55 2 2
github.com/onnwee/vod-tender/backend/server/server.go:803.55,805.3 1 2
github.com/onnwee/vod-tender/backend/server/server.go:806.2,806.12 1 0
github.com/onnwee/vod-tender/backend/server/server.go:810.47,811.71 1 0
github.com/onnwee/vod-tender/backend/server/server.go:811.71,815.37 4 0
github.com/onnwee/vod-tender/backend/server/server.go:815.37,818.4 2 0
github.com/onnwee/vod-tender/backend/server/server.go:819.3,819.23 1 0
github.com/onnwee/vod-tender/backend/server/server.go:824.91,825.33 1 0
github.com/onnwee/vod-tender/backend/server/server.go:825.33,828.3 2 0
github.com/onnwee/vod-tender/backend/server/server.go:829.2,843.16 2 0
github.com/onnwee/vod-tender/backend/server/server.go:843.16,846.3 2 0
github.com/onnwee/vod-tender/backend/server/server.go:847.2,847.37 1 0
github.com/onnwee/vod-tender/backend/server/server.go:851.87,852.33 1 0
github.com/onnwee/vod-tender/backend/server/server.go:852.33,855.3 2 0
github.com/onnwee/vod-tender/backend/server/server.go:856.2,856.34 1 0
github.com/onnwee/vod-tender/backend/server/server.go:856.34,859.3 2 0
github.com/onnwee/vod-tender/backend/server/server.go:861.2,861.37 1 0
github.com/onnwee/vod-tender/backend/server/server.go:865.85,867.2 1 0
github.com/onnwee/vod-tender/backend/server/server.go:870.93,871.18 1 0
github.com/onnwee/vod-tender/backend/server/server.go:872.22,877.9 5 0
github.com/onnwee/vod-tender/backend/server/server.go:878.40,882.63 2 0
github.com/onnwee/vod-tender/backend/server/server.go:882.63,885.4 2 0
github.com/onnwee/vod-tender/backend/server/server.go:886.3,887.17 2 0
github.com/onnwee/vod-tender/backend/server/server.go:887.17,890.4 2 0
github.com/onnwee/vod-tender/backend/server/server.go:891.3,892.9 2 0
github.com/onnwee/vod-tender/backend/server/server.go:893.10,895.9 2 0
github.com/onnwee/vod-tender/backend/youtubeapi/youtube.go:35.54,37.24 2 8
github.com/onnwee/vod-tender/backend/youtubeapi/youtube.go:37.24,41.22 3 4
github.com/onnwee/vod-tender/backend/youtubeapi/youtube.go:41.22,43.4 1 4
github.com/onnwee/vod-tender/backend/youtubeapi/youtube.go:45.2,52.49 2 8
github.com/onnwee/vod-tender/backend/youtubeapi/youtube.go:55.52,57.2 1 1
github.com/onnwee/vod-tender/backend/youtubeapi/youtube.go:59.85,61.16 2 0
github.com/onnwee/vod-tender/backend/youtubeapi/youtube.go:61.16,63.3 1 0
github.com/onnwee/vod-tender/backend/youtubeapi/youtube.go:64.2,66.17 3 0
github.com/onnwee/vod-tender/backend/youtubeapi/youtube.go:69.79,71.16 2 2
github.com/onnwee/vod-tender/backend/youtubeapi/youtube.go:71.16,73.3 1 0
github.com/onnwee/vod-tender/backend/youtubeapi/youtube.go:74.2,74.18 1 2
github.com/onnwee/vod-tender/backend/youtubeapi/youtube.go:74.18,76.3 1 1
github.com/onnwee/vod-tender/backend/youtubeapi/youtube.go:77.2,78.15 2 1
github.com/onnwee/vod-tender/backend/youtubeapi/youtube.go:78.15,80.3 1 0
github.com/onnwee/vod-tender/backend/youtubeapi/youtube.go:81.2,81.27 1 1
github.com/onnwee/vod-tender/backend/youtubeapi/youtube.go:81.27,83.3 1 1
github.com/onnwee/vod-tender/backend/youtubeapi/youtube.go:84.2,86.44 3 1
github.com/onnwee/vod-tender/backend/youtubeapi/youtube.go:86.44,88.3 1 1
github.com/onnwee/vod-tender/backend/youtubeapi/youtube.go:89.2,91.16 3 0
github.com/onnwee/vod-tender/backend/youtubeapi/youtube.go:91.16,93.3 1 0
github.com/onnwee/vod-tender/backend/youtubeapi/youtube.go:94.2,96.20 3 0
github.com/onnwee/vod-tender/backend/youtubeapi/youtube.go:99.68,101.16 2 0
github.com/onnwee/vod-tender/backend/youtubeapi/youtube.go:101.16,103.3 1 0
github.com/onnwee/vod-tender/backend/youtubeapi/youtube.go:104.2,105.23 2 0
github.com/onnwee/vod-tender/backend/youtubeapi/youtube.go:109.114,110.16 1 2
github.com/onnwee/vod-tender/backend/youtubeapi/youtube.go:110.16,112.3 1 2
github.com/onnwee/vod-tender/backend/youtubeapi/youtube.go:113.2,113.19 1 0
github.com/onnwee/vod-tender/backend/youtubeapi/youtube.go:113.19,115.3 1 0
github.com/onnwee/vod-tender/backend/youtubeapi/youtube.go:116.2,117.16 2 0
github.com/onnwee/vod-tender/backend/youtubeapi/youtube.go:117.16,119.3 1 0
github.com/onnwee/vod-tender/backend/youtubeapi/youtube.go:120.2,126.16 7 0
github.com/onnwee/vod-tender/backend/youtubeapi/youtube.go:126.16,128.3 1 0
github.com/onnwee/vod-tender/backend/youtubeapi/youtube.go:129.2,129.18 1 0
github.com/onnwee/vod-tender/backend/youtubeapi/youtube.go:129.18,131.3 1 0
github.com/onnwee/vod-tender/backend/youtubeapi/youtube.go:132.2,132.57 1 0
github.com/onnwee/vod-tender/backend/twitchapi/helix.go:19.44,20.26 1 6
github.com/onnwee/vod-tender/backend/twitchapi/helix.go:20.26,22.3 1 6
github.com/onnwee/vod-tender/backend/twitchapi/helix.go:23.2,23.27 1 0
github.com/onnwee/vod-tender/backend/twitchapi/helix.go:27.85,28.17 1 3
github.com/onnwee/vod-tender/backend/twitchapi/helix.go:28.17,30.3 1 1
github.com/onnwee/vod-tender/backend/twitchapi/helix.go:31.2,32.16 2 2
github.com/onnwee/vod-tender/backend/twitchapi/helix.go:32.16,34.3 1 0
github.com/onnwee/vod-tender/backend/twitchapi/helix.go:35.2,42.16 8 2
github.com/onnwee/vod-tender/backend/twitchapi/helix.go:42.16,44.3 1 0
github.com/onnwee/vod-tender/backend/twitchapi/helix.go:45.2,51.65 3 2
github.com/onnwee/vod-tender/backend/twitchapi/helix.go:51.65,53.3 1 0
github.com/onnwee/vod-tender/backend/twitchapi/helix.go:54.2,54.25 1 2
github.com/onnwee/vod-tender/backend/twitchapi/helix.go:54.25,56.3 1 1
github.com/onnwee/vod-tender/backend/twitchapi/helix.go:57.2,57.29 1 1
github.com/onnwee/vod-tender/backend/twitchapi/helix.go:63.118,64.18 1 5
github.com/onnwee/vod-tender/backend/twitchapi/helix.go:64.18,66.3 1 1
github.com/onnwee/vod-tender/backend/twitchapi/helix.go:67.2,67.16 1 4
github.com/onnwee/vod-tender/backend/twitchapi/helix.go:67.16,69.3 1 1
github.com/onnwee/vod-tender/backend/twitchapi/helix.go:70.2,71.16 2 4
github.com/onnwee/vod-tender/backend/twitchapi/helix.go:71.16,73.3 1 0
github.com/onnwee/vod-tender/backend/twitchapi/helix.go:74.2,79.17 6 4
github.com/onnwee/vod-tender/backend/twitchapi/helix.go:79.17,81.3 1 1
github.com/onnwee/vod-tender/backend/twitchapi/helix.go:82.2,86.16 5 4
github.com/onnwee/vod-tender/backend/twitchapi/helix.go:86.16,88.3 1 0
github.com/onnwee/vod-tender/backend/twitchapi/helix.go:89.2,99.65 3 4
github.com/onnwee/vod-tender/backend/twitchapi/helix.go:99.65,101.3 1 0
github.com/onnwee/vod-tender/backend/twitchapi/helix.go:102.2,103.30 2 4
github.com/onnwee/vod-tender/backend/twitchapi/helix.go:103.30,105.3 1 3
github.com/onnwee/vod-tender/backend/twitchapi/helix.go:106.2,106.41 1 4
github.com/onnwee/vod-tender/backend/twitchapi/oauth.go:33.85,34.41 1 4
github.com/onnwee/vod-tender/backend/twitchapi/oauth.go:34.41,36.3 1 2
github.com/onnwee/vod-tender/backend/twitchapi/oauth.go:37.2,41.18 5 2
github.com/onnwee/vod-tender/backend/twitchapi/oauth.go:41.18,43.3 1 2
github.com/onnwee/vod-tender/backend/twitchapi/oauth.go:44.2,44.17 1 2
github.com/onnwee/vod-tender/backend/twitchapi/oauth.go:44.17,46.3 1 2
github.com/onnwee/vod-tender/backend/twitchapi/oauth.go:47.2,47.67 1 2
github.com/onnwee/vod-tender/backend/twitchapi/oauth.go:51.127,52.77 1 0
github.com/onnwee/vod-tender/backend/twitchapi/oauth.go:52.77,54.3 1 0
github.com/onnwee/vod-tender/backend/twitchapi/oauth.go:55.2,62.16 8 0
github.com/onnwee/vod-tender/backend/twitchapi/oauth.go:62.16,64.3 1 0
github.com/onnwee/vod-tender/backend/twitchapi/oauth.go:65.2,67.16 3 0
github.com/onnwee/vod-tender/backend/twitchapi/oauth.go:67.16,69.3 1 0
github.com/onnwee/vod-tender/backend/twitchapi/oauth.go:70.2,71.38 2 0
github.com/onnwee/vod-tender/backend/twitchapi/oauth.go:71.38,74.3 2 0
github.com/onnwee/vod-tender/backend/twitchapi/oauth.go:75.2,76.64 2 0
github.com/onnwee/vod-tender/backend/twitchapi/oauth.go:76.64,78.3 1 0
github.com/onnwee/vod-tender/backend/twitchapi/oauth.go:79.2,79.18 1 0
github.com/onnwee/vod-tender/backend/twitchapi/oauth.go:83.43,84.18 1 4
github.com/onnwee/vod-tender/backend/twitchapi/oauth.go:84.18,86.3 1 2
github.com/onnwee/vod-tender/backend/twitchapi/oauth.go:87.2,87.61 1 2
github.com/onnwee/vod-tender/backend/twitchapi/oauth.go:91.109,92.64 1 0
github.com/onnwee/vod-tender/backend/twitchapi/oauth.go:92.64,94.3 1 0
github.com/onnwee/vod-tender/backend/twitchapi/oauth.go:95.2,101.16 7 0
github.com/onnwee/vod-tender/backend/twitchapi/oauth.go:101.16,103.3 1 0
github.com/onnwee/vod-tender/backend/twitchapi/oauth.go:104.2,106.16 3 0
github.com/onnwee/vod-tender/backend/twitchapi/oauth.go:106.16,108.3 1 0
github.com/onnwee/vod-tender/backend/twitchapi/oauth.go:109.2,110.38 2 0
github.com/onnwee/vod-tender/backend/twitchapi/oauth.go:110.38,113.3 2 0
github.com/onnwee/vod-tender/backend/twitchapi/oauth.go:114.2,115.64 2 0
github.com/onnwee/vod-tender/backend/twitchapi/oauth.go:115.64,117.3 1 0
github.com/onnwee/vod-tender/backend/twitchapi/oauth.go:118.2,118.18 1 0
github.com/onnwee/vod-tender/backend/twitchapi/token.go:29.65,31.65 2 18
github.com/onnwee/vod-tender/backend/twitchapi/token.go:31.65,35.3 3 10
github.com/onnwee/vod-tender/backend/twitchapi/token.go:36.2,37.24 2 8
github.com/onnwee/vod-tender/backend/twitchapi/token.go:40.69,43.65 3 8
github.com/onnwee/vod-tender/backend/twitchapi/token.go:43.65,45.3 1 1
github.com/onnwee/vod-tender/backend/twitchapi/token.go:46.2,46.48 1 7
github.com/onnwee/vod-tender/backend/twitchapi/token.go:46.48,48.3 1 1
github.com/onnwee/vod-tender/backend/twitchapi/token.go:49.2,54.16 6 6
github.com/onnwee/vod-tender/backend/twitchapi/token.go:54.16,56.3 1 0
github.com/onnwee/vod-tender/backend/twitchapi/token.go:57.2,59.15 3 6
github.com/onnwee/vod-tender/backend/twitchapi/token.go:59.15,61.3 1 0
github.com/onnwee/vod-tender/backend/twitchapi/token.go:62.2,63.16 2 6
github.com/onnwee/vod-tender/backend/twitchapi/token.go:63.16,65.3 1 0
github.com/onnwee/vod-tender/backend/twitchapi/token.go:66.2,67.38 2 6
github.com/onnwee/vod-tender/backend/twitchapi/token.go:67.38,70.3 2 1
github.com/onnwee/vod-tender/backend/twitchapi/token.go:71.2,76.63 2 5
github.com/onnwee/vod-tender/backend/twitchapi/token.go:76.63,78.3 1 0
github.com/onnwee/vod-tender/backend/twitchapi/token.go:79.2,79.26 1 5
github.com/onnwee/vod-tender/backend/twitchapi/token.go:79.26,81.3 1 1
github.com/onnwee/vod-tender/backend/twitchapi/token.go:82.2,84.22 3 4
